Determining if the pthread_create exist failed with the following output:
Change Dir: /home/dylan/catkin_ws/build/CMakeFiles/CMakeTmp

Run Build Command:"/usr/bin/make" "cmTC_6bbae/fast"
/usr/bin/make -f CMakeFiles/cmTC_6bbae.dir/build.make CMakeFiles/cmTC_6bbae.dir/build
make[1]: Entering directory '/home/dylan/catkin_ws/build/CMakeFiles/CMakeTmp'
Building C object CMakeFiles/cmTC_6bbae.dir/CheckSymbolExists.c.o
/usr/bin/cc     -o CMakeFiles/cmTC_6bbae.dir/CheckSymbolExists.c.o   -c /home/dylan/catkin_ws/build/CMakeFiles/CMakeTmp/CheckSymbolExists.c
Linking C executable cmTC_6bbae
/usr/bin/cmake -E cmake_link_script CMakeFiles/cmTC_6bbae.dir/link.txt --verbose=1
/usr/bin/cc       CMakeFiles/cmTC_6bbae.dir/CheckSymbolExists.c.o  -o cmTC_6bbae -rdynamic 
CMakeFiles/cmTC_6bbae.dir/CheckSymbolExists.c.o: In function `main':
CheckSymbolExists.c:(.text+0x16): undefined reference to `pthread_create'
collect2: error: ld returned 1 exit status
CMakeFiles/cmTC_6bbae.dir/build.make:97: recipe for target 'cmTC_6bbae' failed
make[1]: *** [cmTC_6bbae] Error 1
make[1]: Leaving directory '/home/dylan/catkin_ws/build/CMakeFiles/CMakeTmp'
Makefile:126: recipe for target 'cmTC_6bbae/fast' failed
make: *** [cmTC_6bbae/fast] Error 2

File /home/dylan/catkin_ws/build/CMakeFiles/CMakeTmp/CheckSymbolExists.c:
/* */
#include <pthread.h>

int main(int argc, char** argv)
{
  (void)argv;
#ifndef pthread_create
  return ((int*)(&pthread_create))[argc];
#else
  (void)argc;
  return 0;
#endif
}

Determining if the function pthread_create exists in the pthreads failed with the following output:
Change Dir: /home/dylan/catkin_ws/build/CMakeFiles/CMakeTmp

Run Build Command:"/usr/bin/make" "cmTC_40456/fast"
/usr/bin/make -f CMakeFiles/cmTC_40456.dir/build.make CMakeFiles/cmTC_40456.dir/build
make[1]: Entering directory '/home/dylan/catkin_ws/build/CMakeFiles/CMakeTmp'
Building C object CMakeFiles/cmTC_40456.dir/CheckFunctionExists.c.o
/usr/bin/cc    -DCHECK_FUNCTION_EXISTS=pthread_create   -o CMakeFiles/cmTC_40456.dir/CheckFunctionExists.c.o   -c /usr/share/cmake-3.5/Modules/CheckFunctionExists.c
Linking C executable cmTC_40456
/usr/bin/cmake -E cmake_link_script CMakeFiles/cmTC_40456.dir/link.txt --verbose=1
/usr/bin/cc   -DCHECK_FUNCTION_EXISTS=pthread_create    CMakeFiles/cmTC_40456.dir/CheckFunctionExists.c.o  -o cmTC_40456 -rdynamic -lpthreads 
/usr/bin/ld: cannot find -lpthreads
collect2: error: ld returned 1 exit status
CMakeFiles/cmTC_40456.dir/build.make:97: recipe for target 'cmTC_40456' failed
make[1]: *** [cmTC_40456] Error 1
make[1]: Leaving directory '/home/dylan/catkin_ws/build/CMakeFiles/CMakeTmp'
Makefile:126: recipe for target 'cmTC_40456/fast' failed
make: *** [cmTC_40456/fast] Error 2


